<?xml version="1.0" encoding="UTF-8"?>
<!-- Generated by org.testng.reporters.JUnitReportReporter -->
<testsuite hostname="Amit-Office" failures="0" tests="1" name="com.inetBanking.testCases.TC_LoginTest_001" time="5.058" errors="0" timestamp="2023-07-12T08:42:04 EDT" skipped="0">
  <testcase classname="com.inetBanking.testCases.TC_LoginTest_001" name="LoginTest" time="5.058"/>
  <system-out/>
</testsuite> <!-- com.inetBanking.testCases.TC_LoginTest_001 -->
